<?xml version="1.0" encoding="UTF-8"?>
<!-- Generated by org.testng.reporters.JUnitXMLReporter -->
<testsuite hostname="DESKTOP-V123S32" ignored="0" name="TestA" tests="4" failures="0" timestamp="2020-04-16T16:04:50 IST" time="5.103" errors="0">
  <testcase name="testC" time="5.013" classname="testcases.TestC"/>
  <testcase name="testA" time="5.014" classname="testcases.TestA"/>
  <testcase name="testB" time="5.013" classname="testcases.TestB"/>
  <testcase name="testAA" time="0.012" classname="testcases.TestA"/>
</testsuite> <!-- TestA -->
