{
  "stats": {
    "suites": 1,
    "tests": 1,
    "passes": 0,
    "pending": 0,
    "failures": 1,
    "start": "2024-06-07T11:38:09.795Z",
    "end": "2024-06-07T11:38:18.550Z",
    "duration": 8755,
    "testsRegistered": 1,
    "passPercent": 0,
    "pendingPercent": 0,
    "other": 0,
    "hasOther": false,
    "skipped": 0,
    "hasSkipped": false
  },
  "results": [
    {
      "uuid": "47a4a9c5-1419-4abd-bb30-78888b146427",
      "title": "",
      "fullFile": "cypress\\e2e\\smoke\\TC01_FirstTest.cy.js",
      "file": "cypress\\e2e\\smoke\\TC01_FirstTest.cy.js",
      "beforeHooks": [],
      "afterHooks": [],
      "tests": [],
      "suites": [
        {
          "uuid": "7fc46e33-e062-4c03-b5ba-54c9ed66464b",
          "title": "Login funntionality",
          "fullFile": "",
          "file": "",
          "beforeHooks": [],
          "afterHooks": [],
          "tests": [
            {
              "title": "Login test using conduit",
              "fullTitle": "Login funntionality Login test using conduit",
              "timedOut": null,
              "duration": 6032,
              "state": "failed",
              "speed": null,
              "pass": false,
              "fail": true,
              "pending": false,
              "context": "\"assets/${Cypress.spec.name}/${runnable.parent.title} --${test.title} (failed).png\"",
              "code": "cy.visit('https://react-redux.realworld.io/');\ncy.get('.navbar-brand').should('have.text', 'conduit');\ncy.get('a[href=\"#logins\"]').click();\ncy.get('input[type=\"email\"]').type('priyanka.manaji.yadav.16@gmail.com');\ncy.get('input[type=\"password\"]').type('test123');\ncy.get('button[type=\"submit\"]').click();\ncy.get('a[href=\"#settings\"]').click();\ncy.get('.btn.btn-outline-danger').click();",
              "err": {
                "message": "AssertionError: Timed out retrying after 4000ms: Expected to find element: `a[href=\"#logins\"]`, but never found it.",
                "estack": "AssertionError: Timed out retrying after 4000ms: Expected to find element: `a[href=\"#logins\"]`, but never found it.\n    at Context.eval (webpack://m_project/./cypress/e2e/smoke/TC01_FirstTest.cy.js:10:11)",
                "diff": null
              },
              "uuid": "efda1279-7c3f-45e5-99fd-8954641547f8",
              "parentUUID": "7fc46e33-e062-4c03-b5ba-54c9ed66464b",
              "isHook": false,
              "skipped": false
            }
          ],
          "suites": [],
          "passes": [],
          "failures": [
            "efda1279-7c3f-45e5-99fd-8954641547f8"
          ],
          "pending": [],
          "skipped": [],
          "duration": 6032,
          "root": false,
          "rootEmpty": false,
          "_timeout": 2000
        }
      ],
      "passes": [],
      "failures": [],
      "pending": [],
      "skipped": [],
      "duration": 0,
      "root": true,
      "rootEmpty": true,
      "_timeout": 2000
    }
  ],
  "meta": {
    "mocha": {
      "version": "7.0.1"
    },
    "mochawesome": {
      "options": {
        "quiet": false,
        "reportFilename": "mochawesome",
        "saveHtml": true,
        "saveJson": true,
        "consoleReporter": "spec",
        "useInlineDiffs": false,
        "code": true
      },
      "version": "7.1.3"
    },
    "marge": {
      "options": {
        "id": "default"
      },
      "version": "6.2.0"
    }
  }
}